<?xml version="1.0" encoding="UTF-8" ?>
<testsuite failures="0" time="0.003" errors="0" skipped="0" tests="0" name="com.chi.test.Test">
  <properties>
    <property name="java.runtime.name" value="Java(TM) SE Runtime Environment"/>
    <property name="sun.boot.library.path" value="D:\Program Files\Java\jdk1.6.0_07\jre\bin"/>
    <property name="java.vm.version" value="10.0-b23"/>
    <property name="java.vm.vendor" value="Sun Microsystems Inc."/>
    <property name="java.vendor.url" value="http://java.sun.com/"/>
    <property name="path.separator" value=";"/>
    <property name="java.vm.name" value="Java HotSpot(TM) Client VM"/>
    <property name="file.encoding.pkg" value="sun.io"/>
    <property name="user.country" value="CN"/>
    <property name="sun.java.launcher" value="SUN_STANDARD"/>
    <property name="sun.os.patch.level" value="Service Pack 1"/>
    <property name="java.vm.specification.name" value="Java Virtual Machine Specification"/>
    <property name="user.dir" value="D:\JavaFiles\eclipse3.6_workspace\77chi\77chi-userweb"/>
    <property name="java.runtime.version" value="1.6.0_07-b06"/>
    <property name="java.awt.graphicsenv" value="sun.awt.Win32GraphicsEnvironment"/>
    <property name="basedir" value="D:\JavaFiles\eclipse3.6_workspace\77chi\77chi-userweb"/>
    <property name="java.endorsed.dirs" value="D:\Program Files\Java\jdk1.6.0_07\jre\lib\endorsed"/>
    <property name="os.arch" value="x86"/>
    <property name="surefire.real.class.path" value="C:\Users\ADMINI~1\AppData\Local\Temp\surefirebooter61854.jar"/>
    <property name="java.io.tmpdir" value="C:\Users\ADMINI~1\AppData\Local\Temp\"/>
    <property name="line.separator" value="
"/>
    <property name="java.vm.specification.vendor" value="Sun Microsystems Inc."/>
    <property name="user.variant" value=""/>
    <property name="os.name" value="Windows Vista"/>
    <property name="sun.jnu.encoding" value="GBK"/>
    <property name="java.library.path" value="D:\Program Files\Java\jdk1.6.0_07\jre\bin;.;C:\Windows\Sun\Java\bin;C:\Windows\system32;C:\Windows;C:\Windows\system32;C:\Windows;C:\Windows\System32\Wbem;C:\Windows\System32\WindowsPowerShell\v1.0\;C:\Program Files\VanDyke Software\Clients\;D:\Program Files\Java\jdk1.6.0_07/bin;D:\apache-maven-2.2.1/bin;D:\Program Files\TortoiseGit\bin;D:\Program Files\Git\cmd;D:\Program Files\TortoiseSVN\bin"/>
    <property name="surefire.test.class.path" value="D:\JavaFiles\eclipse3.6_workspace\77chi\77chi-userweb\target\test-classes;D:\JavaFiles\eclipse3.6_workspace\77chi\77chi-userweb\target\classes;C:\Users\Administrator\.m2\repository\org\mortbay\jetty\jetty\6.1.24\jetty-6.1.24.jar;C:\Users\Administrator\.m2\repository\org\mortbay\jetty\jetty-util\6.1.24\jetty-util-6.1.24.jar;C:\Users\Administrator\.m2\repository\org\mortbay\jetty\servlet-api\2.5-20081211\servlet-api-2.5-20081211.jar;C:\Users\Administrator\.m2\repository\org\mortbay\jetty\jsp-2.1-jetty\6.1.24\jsp-2.1-jetty-6.1.24.jar;C:\Users\Administrator\.m2\repository\org\eclipse\jdt\core\3.1.1\core-3.1.1.jar;C:\Users\Administrator\.m2\repository\org\mortbay\jetty\jsp-api-2.1-glassfish\2.1.v20091210\jsp-api-2.1-glassfish-2.1.v20091210.jar;C:\Users\Administrator\.m2\repository\org\mortbay\jetty\jsp-2.1-glassfish\2.1.v20091210\jsp-2.1-glassfish-2.1.v20091210.jar;C:\Users\Administrator\.m2\repository\org\eclipse\jdt\core\compiler\ecj\3.5.1\ecj-3.5.1.jar;C:\Users\Administrator\.m2\repository\ant\ant\1.6.5\ant-1.6.5.jar;C:\Users\Administrator\.m2\repository\org\eclipse\jetty\jetty-webapp\7.2.2.v20101205\jetty-webapp-7.2.2.v20101205.jar;C:\Users\Administrator\.m2\repository\org\eclipse\jetty\jetty-xml\7.2.2.v20101205\jetty-xml-7.2.2.v20101205.jar;C:\Users\Administrator\.m2\repository\org\eclipse\jetty\jetty-util\7.2.2.v20101205\jetty-util-7.2.2.v20101205.jar;C:\Users\Administrator\.m2\repository\org\eclipse\jetty\jetty-servlet\7.2.2.v20101205\jetty-servlet-7.2.2.v20101205.jar;C:\Users\Administrator\.m2\repository\org\eclipse\jetty\jetty-security\7.2.2.v20101205\jetty-security-7.2.2.v20101205.jar;C:\Users\Administrator\.m2\repository\org\eclipse\jetty\jetty-server\7.2.2.v20101205\jetty-server-7.2.2.v20101205.jar;C:\Users\Administrator\.m2\repository\org\eclipse\jetty\jetty-continuation\7.2.2.v20101205\jetty-continuation-7.2.2.v20101205.jar;C:\Users\Administrator\.m2\repository\org\eclipse\jetty\jetty-http\7.2.2.v20101205\jetty-http-7.2.2.v20101205.jar;C:\Users\Administrator\.m2\repository\org\eclipse\jetty\jetty-io\7.2.2.v20101205\jetty-io-7.2.2.v20101205.jar;C:\Users\Administrator\.m2\repository\ch\qos\logback\logback-access\0.9.21\logback-access-0.9.21.jar;C:\Users\Administrator\.m2\repository\ch\qos\logback\logback-core\0.9.21\logback-core-0.9.21.jar;C:\Users\Administrator\.m2\repository\ch\qos\logback\logback-classic\0.9.21\logback-classic-0.9.21.jar;C:\Users\Administrator\.m2\repository\org\slf4j\slf4j-api\1.6.0\slf4j-api-1.6.0.jar;C:\Users\Administrator\.m2\repository\org\springframework\spring-context\3.0.2.RELEASE\spring-context-3.0.2.RELEASE.jar;C:\Users\Administrator\.m2\repository\org\springframework\spring-aop\3.0.2.RELEASE\spring-aop-3.0.2.RELEASE.jar;C:\Users\Administrator\.m2\repository\org\springframework\spring-beans\3.0.2.RELEASE\spring-beans-3.0.2.RELEASE.jar;C:\Users\Administrator\.m2\repository\org\springframework\spring-core\3.0.2.RELEASE\spring-core-3.0.2.RELEASE.jar;C:\Users\Administrator\.m2\repository\org\springframework\spring-expression\3.0.2.RELEASE\spring-expression-3.0.2.RELEASE.jar;C:\Users\Administrator\.m2\repository\org\springframework\spring-asm\3.0.2.RELEASE\spring-asm-3.0.2.RELEASE.jar;C:\Users\Administrator\.m2\repository\org\springframework\spring-jdbc\3.0.2.RELEASE\spring-jdbc-3.0.2.RELEASE.jar;C:\Users\Administrator\.m2\repository\org\springframework\spring-tx\3.0.2.RELEASE\spring-tx-3.0.2.RELEASE.jar;C:\Users\Administrator\.m2\repository\org\springframework\spring-web\3.0.2.RELEASE\spring-web-3.0.2.RELEASE.jar;C:\Users\Administrator\.m2\repository\aopalliance\aopalliance\1.0\aopalliance-1.0.jar;C:\Users\Administrator\.m2\repository\javax\servlet\servlet-api\2.5\servlet-api-2.5.jar;C:\Users\Administrator\.m2\repository\javax\annotation\jsr250-api\1.0\jsr250-api-1.0.jar;C:\Users\Administrator\.m2\repository\org\aspectj\aspectjweaver\1.6.8\aspectjweaver-1.6.8.jar;C:\Users\Administrator\.m2\repository\javassist\javassist\3.8.0.GA\javassist-3.8.0.GA.jar;C:\Users\Administrator\.m2\repository\commons-collections\commons-collections\3.2.1\commons-collections-3.2.1.jar;C:\Users\Administrator\.m2\repository\org\apache\commons\commons-io\1.3.2\commons-io-1.3.2.jar;C:\Users\Administrator\.m2\repository\commons-httpclient\commons-httpclient\3.1\commons-httpclient-3.1.jar;C:\Users\Administrator\.m2\repository\commons-logging\commons-logging\1.0.4\commons-logging-1.0.4.jar;C:\Users\Administrator\.m2\repository\commons-codec\commons-codec\1.2\commons-codec-1.2.jar;C:\Users\Administrator\.m2\repository\org\apache\httpcomponents\httpclient\4.2\httpclient-4.2.jar;C:\Users\Administrator\.m2\repository\org\apache\httpcomponents\httpcore\4.2\httpcore-4.2.jar;C:\Users\Administrator\.m2\repository\javax\persistence\persistence-api\1.0\persistence-api-1.0.jar;C:\Users\Administrator\.m2\repository\org\mod4j\org\apache\commons\lang\2.1.0\lang-2.1.0.jar;C:\Users\Administrator\.m2\repository\c3p0\c3p0\0.9.1.2\c3p0-0.9.1.2.jar;C:\Users\Administrator\.m2\repository\org\springframework\spring-webmvc\3.0.2.RELEASE\spring-webmvc-3.0.2.RELEASE.jar;C:\Users\Administrator\.m2\repository\org\springframework\spring-context-support\3.0.2.RELEASE\spring-context-support-3.0.2.RELEASE.jar;C:\Users\Administrator\.m2\repository\commons-fileupload\commons-fileupload\1.2.1\commons-fileupload-1.2.1.jar;C:\Users\Administrator\.m2\repository\javax\el\el-api\2.2.1-b04\el-api-2.2.1-b04.jar;C:\Users\Administrator\.m2\repository\xerces\xercesImpl\2.9.1\xercesImpl-2.9.1.jar;C:\Users\Administrator\.m2\repository\xml-apis\xml-apis\1.3.04\xml-apis-1.3.04.jar;C:\Users\Administrator\.m2\repository\javax\servlet\jstl\1.2\jstl-1.2.jar;C:\Users\Administrator\.m2\repository\commons-validator\commons-validator\1.4.0\commons-validator-1.4.0.jar;C:\Users\Administrator\.m2\repository\commons-beanutils\commons-beanutils\1.8.3\commons-beanutils-1.8.3.jar;C:\Users\Administrator\.m2\repository\commons-digester\commons-digester\1.8\commons-digester-1.8.jar;C:\Users\Administrator\.m2\repository\org\jdom\jdom\1.1\jdom-1.1.jar;C:\Users\Administrator\.m2\repository\log4j\log4j\1.2.17\log4j-1.2.17.jar;C:\Users\Administrator\.m2\repository\com\taobao\sdk\standard\20130424\standard-20130424.jar;"/>
    <property name="java.specification.name" value="Java Platform API Specification"/>
    <property name="java.class.version" value="50.0"/>
    <property name="sun.management.compiler" value="HotSpot Client Compiler"/>
    <property name="os.version" value="6.1"/>
    <property name="user.home" value="C:\Users\Administrator"/>
    <property name="user.timezone" value=""/>
    <property name="java.awt.printerjob" value="sun.awt.windows.WPrinterJob"/>
    <property name="java.specification.version" value="1.6"/>
    <property name="file.encoding" value="GBK"/>
    <property name="user.name" value="Administrator"/>
    <property name="java.class.path" value="D:\JavaFiles\eclipse3.6_workspace\77chi\77chi-userweb\target\test-classes;D:\JavaFiles\eclipse3.6_workspace\77chi\77chi-userweb\target\classes;C:\Users\Administrator\.m2\repository\org\mortbay\jetty\jetty\6.1.24\jetty-6.1.24.jar;C:\Users\Administrator\.m2\repository\org\mortbay\jetty\jetty-util\6.1.24\jetty-util-6.1.24.jar;C:\Users\Administrator\.m2\repository\org\mortbay\jetty\servlet-api\2.5-20081211\servlet-api-2.5-20081211.jar;C:\Users\Administrator\.m2\repository\org\mortbay\jetty\jsp-2.1-jetty\6.1.24\jsp-2.1-jetty-6.1.24.jar;C:\Users\Administrator\.m2\repository\org\eclipse\jdt\core\3.1.1\core-3.1.1.jar;C:\Users\Administrator\.m2\repository\org\mortbay\jetty\jsp-api-2.1-glassfish\2.1.v20091210\jsp-api-2.1-glassfish-2.1.v20091210.jar;C:\Users\Administrator\.m2\repository\org\mortbay\jetty\jsp-2.1-glassfish\2.1.v20091210\jsp-2.1-glassfish-2.1.v20091210.jar;C:\Users\Administrator\.m2\repository\org\eclipse\jdt\core\compiler\ecj\3.5.1\ecj-3.5.1.jar;C:\Users\Administrator\.m2\repository\ant\ant\1.6.5\ant-1.6.5.jar;C:\Users\Administrator\.m2\repository\org\eclipse\jetty\jetty-webapp\7.2.2.v20101205\jetty-webapp-7.2.2.v20101205.jar;C:\Users\Administrator\.m2\repository\org\eclipse\jetty\jetty-xml\7.2.2.v20101205\jetty-xml-7.2.2.v20101205.jar;C:\Users\Administrator\.m2\repository\org\eclipse\jetty\jetty-util\7.2.2.v20101205\jetty-util-7.2.2.v20101205.jar;C:\Users\Administrator\.m2\repository\org\eclipse\jetty\jetty-servlet\7.2.2.v20101205\jetty-servlet-7.2.2.v20101205.jar;C:\Users\Administrator\.m2\repository\org\eclipse\jetty\jetty-security\7.2.2.v20101205\jetty-security-7.2.2.v20101205.jar;C:\Users\Administrator\.m2\repository\org\eclipse\jetty\jetty-server\7.2.2.v20101205\jetty-server-7.2.2.v20101205.jar;C:\Users\Administrator\.m2\repository\org\eclipse\jetty\jetty-continuation\7.2.2.v20101205\jetty-continuation-7.2.2.v20101205.jar;C:\Users\Administrator\.m2\repository\org\eclipse\jetty\jetty-http\7.2.2.v20101205\jetty-http-7.2.2.v20101205.jar;C:\Users\Administrator\.m2\repository\org\eclipse\jetty\jetty-io\7.2.2.v20101205\jetty-io-7.2.2.v20101205.jar;C:\Users\Administrator\.m2\repository\ch\qos\logback\logback-access\0.9.21\logback-access-0.9.21.jar;C:\Users\Administrator\.m2\repository\ch\qos\logback\logback-core\0.9.21\logback-core-0.9.21.jar;C:\Users\Administrator\.m2\repository\ch\qos\logback\logback-classic\0.9.21\logback-classic-0.9.21.jar;C:\Users\Administrator\.m2\repository\org\slf4j\slf4j-api\1.6.0\slf4j-api-1.6.0.jar;C:\Users\Administrator\.m2\repository\org\springframework\spring-context\3.0.2.RELEASE\spring-context-3.0.2.RELEASE.jar;C:\Users\Administrator\.m2\repository\org\springframework\spring-aop\3.0.2.RELEASE\spring-aop-3.0.2.RELEASE.jar;C:\Users\Administrator\.m2\repository\org\springframework\spring-beans\3.0.2.RELEASE\spring-beans-3.0.2.RELEASE.jar;C:\Users\Administrator\.m2\repository\org\springframework\spring-core\3.0.2.RELEASE\spring-core-3.0.2.RELEASE.jar;C:\Users\Administrator\.m2\repository\org\springframework\spring-expression\3.0.2.RELEASE\spring-expression-3.0.2.RELEASE.jar;C:\Users\Administrator\.m2\repository\org\springframework\spring-asm\3.0.2.RELEASE\spring-asm-3.0.2.RELEASE.jar;C:\Users\Administrator\.m2\repository\org\springframework\spring-jdbc\3.0.2.RELEASE\spring-jdbc-3.0.2.RELEASE.jar;C:\Users\Administrator\.m2\repository\org\springframework\spring-tx\3.0.2.RELEASE\spring-tx-3.0.2.RELEASE.jar;C:\Users\Administrator\.m2\repository\org\springframework\spring-web\3.0.2.RELEASE\spring-web-3.0.2.RELEASE.jar;C:\Users\Administrator\.m2\repository\aopalliance\aopalliance\1.0\aopalliance-1.0.jar;C:\Users\Administrator\.m2\repository\javax\servlet\servlet-api\2.5\servlet-api-2.5.jar;C:\Users\Administrator\.m2\repository\javax\annotation\jsr250-api\1.0\jsr250-api-1.0.jar;C:\Users\Administrator\.m2\repository\org\aspectj\aspectjweaver\1.6.8\aspectjweaver-1.6.8.jar;C:\Users\Administrator\.m2\repository\javassist\javassist\3.8.0.GA\javassist-3.8.0.GA.jar;C:\Users\Administrator\.m2\repository\commons-collections\commons-collections\3.2.1\commons-collections-3.2.1.jar;C:\Users\Administrator\.m2\repository\org\apache\commons\commons-io\1.3.2\commons-io-1.3.2.jar;C:\Users\Administrator\.m2\repository\commons-httpclient\commons-httpclient\3.1\commons-httpclient-3.1.jar;C:\Users\Administrator\.m2\repository\commons-logging\commons-logging\1.0.4\commons-logging-1.0.4.jar;C:\Users\Administrator\.m2\repository\commons-codec\commons-codec\1.2\commons-codec-1.2.jar;C:\Users\Administrator\.m2\repository\org\apache\httpcomponents\httpclient\4.2\httpclient-4.2.jar;C:\Users\Administrator\.m2\repository\org\apache\httpcomponents\httpcore\4.2\httpcore-4.2.jar;C:\Users\Administrator\.m2\repository\javax\persistence\persistence-api\1.0\persistence-api-1.0.jar;C:\Users\Administrator\.m2\repository\org\mod4j\org\apache\commons\lang\2.1.0\lang-2.1.0.jar;C:\Users\Administrator\.m2\repository\c3p0\c3p0\0.9.1.2\c3p0-0.9.1.2.jar;C:\Users\Administrator\.m2\repository\org\springframework\spring-webmvc\3.0.2.RELEASE\spring-webmvc-3.0.2.RELEASE.jar;C:\Users\Administrator\.m2\repository\org\springframework\spring-context-support\3.0.2.RELEASE\spring-context-support-3.0.2.RELEASE.jar;C:\Users\Administrator\.m2\repository\commons-fileupload\commons-fileupload\1.2.1\commons-fileupload-1.2.1.jar;C:\Users\Administrator\.m2\repository\javax\el\el-api\2.2.1-b04\el-api-2.2.1-b04.jar;C:\Users\Administrator\.m2\repository\xerces\xercesImpl\2.9.1\xercesImpl-2.9.1.jar;C:\Users\Administrator\.m2\repository\xml-apis\xml-apis\1.3.04\xml-apis-1.3.04.jar;C:\Users\Administrator\.m2\repository\javax\servlet\jstl\1.2\jstl-1.2.jar;C:\Users\Administrator\.m2\repository\commons-validator\commons-validator\1.4.0\commons-validator-1.4.0.jar;C:\Users\Administrator\.m2\repository\commons-beanutils\commons-beanutils\1.8.3\commons-beanutils-1.8.3.jar;C:\Users\Administrator\.m2\repository\commons-digester\commons-digester\1.8\commons-digester-1.8.jar;C:\Users\Administrator\.m2\repository\org\jdom\jdom\1.1\jdom-1.1.jar;C:\Users\Administrator\.m2\repository\log4j\log4j\1.2.17\log4j-1.2.17.jar;C:\Users\Administrator\.m2\repository\com\taobao\sdk\standard\20130424\standard-20130424.jar;"/>
    <property name="java.vm.specification.version" value="1.0"/>
    <property name="sun.arch.data.model" value="32"/>
    <property name="java.home" value="D:\Program Files\Java\jdk1.6.0_07\jre"/>
    <property name="java.specification.vendor" value="Sun Microsystems Inc."/>
    <property name="user.language" value="zh"/>
    <property name="awt.toolkit" value="sun.awt.windows.WToolkit"/>
    <property name="java.vm.info" value="mixed mode, sharing"/>
    <property name="java.version" value="1.6.0_07"/>
    <property name="java.ext.dirs" value="D:\Program Files\Java\jdk1.6.0_07\jre\lib\ext;C:\Windows\Sun\Java\lib\ext"/>
    <property name="sun.boot.class.path" value="D:\Program Files\Java\jdk1.6.0_07\jre\lib\resources.jar;D:\Program Files\Java\jdk1.6.0_07\jre\lib\rt.jar;D:\Program Files\Java\jdk1.6.0_07\jre\lib\sunrsasign.jar;D:\Program Files\Java\jdk1.6.0_07\jre\lib\jsse.jar;D:\Program Files\Java\jdk1.6.0_07\jre\lib\jce.jar;D:\Program Files\Java\jdk1.6.0_07\jre\lib\charsets.jar;D:\Program Files\Java\jdk1.6.0_07\jre\classes"/>
    <property name="java.vendor" value="Sun Microsystems Inc."/>
    <property name="localRepository" value="C:\Users\Administrator\.m2\repository"/>
    <property name="file.separator" value="\"/>
    <property name="java.vendor.url.bug" value="http://java.sun.com/cgi-bin/bugreport.cgi"/>
    <property name="sun.cpu.endian" value="little"/>
    <property name="sun.io.unicode.encoding" value="UnicodeLittle"/>
    <property name="sun.desktop" value="windows"/>
    <property name="sun.cpu.isalist" value="pentium_pro+mmx pentium_pro pentium+mmx pentium i486 i386 i86"/>
  </properties>
</testsuite>